SF:lib/search/view/search_page.dart
DA:4,9
DA:6,2
DA:7,4
DA:10,2
DA:11,2
DA:17,6
DA:19,2
DA:21,4
DA:22,2
DA:25,2
DA:27,2
DA:28,2
DA:29,2
DA:30,2
DA:31,2
DA:32,2
DA:34,2
DA:35,2
DA:43,2
DA:46,8
LF:20
LH:20
end_of_record
SF:lib/weather/cubit/weather_cubit.dart
DA:12,6
DA:16,1
DA:17,1
DA:19,3
DA:22,1
DA:23,2
DA:25,2
DA:26,1
DA:27,3
DA:28,2
DA:30,1
DA:31,2
DA:34,2
DA:37,1
DA:38,3
DA:42,1
DA:43,3
DA:44,4
DA:46,1
DA:47,5
DA:49,2
DA:50,1
DA:51,3
DA:52,2
DA:54,1
DA:55,2
DA:58,2
DA:61,1
DA:62,2
DA:66,1
DA:67,3
DA:71,3
DA:72,3
DA:76,2
DA:77,2
DA:78,1
DA:79,1
DA:80,2
DA:81,2
DA:82,1
DA:83,2
DA:85,2
DA:91,2
DA:93,2
DA:95,2
DA:96,2
DA:100,4
DA:101,4
LF:48
LH:48
end_of_record
SF:lib/weather/cubit/weather_state.dart
DA:6,2
DA:7,2
DA:8,4
DA:9,2
DA:14,3
DA:18,3
DA:20,2
DA:21,2
DA:27,1
DA:32,1
DA:33,1
DA:34,1
DA:35,1
DA:39,4
DA:41,1
DA:42,4
LF:16
LH:16
end_of_record
SF:lib/weather/cubit/weather_cubit.g.dart
DA:9,2
DA:10,2
DA:13,2
DA:14,2
DA:15,2
DA:17,2
DA:18,2
DA:20,2
DA:22,2
DA:23,2
DA:25,2
DA:27,2
DA:29,2
DA:36,2
DA:37,2
DA:38,4
DA:39,4
DA:41,4
LF:18
LH:18
end_of_record
SF:lib/settings/view/settings_page.dart
DA:6,8
DA:8,2
DA:9,2
DA:10,2
DA:14,2
DA:16,2
DA:17,2
DA:18,2
DA:19,2
DA:20,2
DA:21,1
DA:22,3
DA:23,2
DA:24,2
DA:30,2
DA:31,4
DA:32,3
LF:17
LH:17
end_of_record
SF:lib/weather/models/weather.dart
DA:12,2
DA:13,8
DA:18,11
DA:20,2
DA:21,2
DA:25,4
DA:27,1
DA:28,2
DA:33,4
DA:40,2
DA:41,2
DA:43,1
DA:44,1
DA:45,1
DA:46,1
DA:47,1
DA:48,2
DA:52,9
DA:54,3
DA:64,1
DA:65,5
DA:67,4
DA:69,2
DA:75,2
DA:76,1
DA:77,2
DA:78,2
DA:79,1
LF:28
LH:28
end_of_record
SF:lib/weather/models/weather.g.dart
DA:9,4
DA:12,2
DA:13,2
DA:14,6
DA:20,2
DA:21,2
DA:22,2
DA:25,4
DA:28,2
DA:29,2
DA:30,2
DA:31,4
DA:32,2
DA:33,4
DA:34,4
DA:35,2
DA:36,4
DA:43,4
DA:44,4
DA:45,4
DA:46,2
DA:47,4
LF:22
LH:22
end_of_record
SF:lib/weather/view/weather_page.dart
DA:8,1
DA:10,1
DA:12,1
DA:14,1
DA:15,1
DA:16,1
DA:18,3
DA:19,1
DA:24,1
DA:25,1
DA:26,1
DA:27,1
DA:28,1
DA:29,1
DA:30,1
DA:31,2
DA:32,1
DA:33,1
DA:34,1
DA:35,2
DA:42,1
DA:44,1
DA:45,3
DA:46,1
DA:47,2
LF:25
LH:25
end_of_record
SF:lib/weather/widgets/weather_empty.dart
DA:4,9
DA:6,2
DA:8,2
DA:9,2
DA:11,2
DA:13,2
DA:15,4
LF:7
LH:7
end_of_record
SF:lib/weather/widgets/weather_error.dart
DA:4,9
DA:6,2
DA:8,2
DA:9,2
DA:11,2
DA:13,2
DA:15,4
LF:7
LH:7
end_of_record
SF:lib/weather/widgets/weather_loading.dart
DA:4,9
DA:6,2
DA:8,2
DA:9,2
DA:11,2
DA:13,2
DA:15,4
LF:7
LH:7
end_of_record
SF:lib/weather/widgets/weather_populated.dart
DA:5,2
DA:16,2
DA:18,2
DA:19,2
DA:20,2
DA:21,2
DA:22,2
DA:23,2
DA:24,2
DA:26,2
DA:29,2
DA:31,2
DA:33,6
DA:34,2
DA:35,4
DA:36,6
DA:40,2
DA:41,6
DA:42,6
DA:46,2
DA:47,10
DA:60,2
DA:66,2
DA:68,2
DA:69,4
DA:76,2
DA:78,2
DA:80,2
DA:82,2
DA:84,1
DA:86,1
DA:93,2
DA:95,6
DA:96,2
DA:97,2
DA:98,2
DA:99,2
DA:103,2
DA:105,2
DA:106,2
DA:107,2
DA:117,2
DA:119,6
DA:122,2
DA:123,2
DA:124,2
DA:125,12
DA:126,12
DA:127,12
DA:133,2
DA:134,10
LF:51
LH:51
end_of_record
